<?xml version="1.0" encoding="UTF-8"?>
<testng-results ignored="0" total="2" passed="2" failed="0" skipped="0">
  <reporter-output>
  </reporter-output>
  <suite started-at="2024-07-02T15:34:12 IST" name="Default suite" finished-at="2024-07-02T15:34:19 IST" duration-ms="6646">
    <groups>
    </groups>
    <test started-at="2024-07-02T15:34:12 IST" name="Default test" finished-at="2024-07-02T15:34:19 IST" duration-ms="6646">
      <class name="Test.LoginTest">
        <test-method is-config="true" signature="setup()[pri:0, instance:Test.LoginTest@17fc391b]" started-at="2024-07-02T15:34:12 IST" name="setup" finished-at="2024-07-02T15:34:16 IST" duration-ms="4207" status="PASS">
          <reporter-output>
          </reporter-output>
        </test-method> <!-- setup -->
        <test-method signature="loginpage()[pri:1, instance:Test.LoginTest@17fc391b]" started-at="2024-07-02T15:34:16 IST" name="loginpage" finished-at="2024-07-02T15:34:18 IST" duration-ms="1805" status="PASS">
          <reporter-output>
          </reporter-output>
        </test-method> <!-- loginpage -->
        <test-method signature="homepage()[pri:2, instance:Test.LoginTest@17fc391b]" started-at="2024-07-02T15:34:18 IST" name="homepage" finished-at="2024-07-02T15:34:18 IST" duration-ms="315" status="PASS">
          <reporter-output>
          </reporter-output>
        </test-method> <!-- homepage -->
        <test-method is-config="true" signature="tearDown()[pri:0, instance:Test.LoginTest@17fc391b]" started-at="2024-07-02T15:34:18 IST" name="tearDown" finished-at="2024-07-02T15:34:19 IST" duration-ms="261" status="PASS">
          <reporter-output>
          </reporter-output>
        </test-method> <!-- tearDown -->
      </class> <!-- Test.LoginTest -->
    </test> <!-- Default test -->
  </suite> <!-- Default suite -->
</testng-results>
