<?xml version="1.0" encoding="UTF-8"?>
<testng-results ignored="0" total="1" passed="1" failed="0" skipped="0">
  <reporter-output>
  </reporter-output>
  <suite started-at="2024-10-09T00:30:35 IST" name="Default suite" finished-at="2024-10-09T00:30:46 IST" duration-ms="10807">
    <groups>
    </groups>
    <test started-at="2024-10-09T00:30:35 IST" name="Default test" finished-at="2024-10-09T00:30:46 IST" duration-ms="10807">
      <class name="Test.LoginTest">
        <test-method is-config="true" signature="setup()[pri:0, instance:Test.LoginTest@43df23d3]" started-at="2024-10-09T00:30:35 IST" name="setup" finished-at="2024-10-09T00:30:43 IST" duration-ms="8094" status="PASS">
          <reporter-output>
          </reporter-output>
        </test-method> <!-- setup -->
        <test-method signature="loginpage()[pri:1, instance:Test.LoginTest@43df23d3]" started-at="2024-10-09T00:30:43 IST" name="loginpage" finished-at="2024-10-09T00:30:45 IST" duration-ms="1747" status="PASS">
          <reporter-output>
          </reporter-output>
        </test-method> <!-- loginpage -->
        <test-method is-config="true" signature="tearDown()[pri:0, instance:Test.LoginTest@43df23d3]" started-at="2024-10-09T00:30:45 IST" name="tearDown" finished-at="2024-10-09T00:30:46 IST" duration-ms="911" status="PASS">
          <reporter-output>
          </reporter-output>
        </test-method> <!-- tearDown -->
      </class> <!-- Test.LoginTest -->
    </test> <!-- Default test -->
  </suite> <!-- Default suite -->
</testng-results>
